[debug] ----------------------------------------------------------------------
[debug] Command:      /usr/local/bin/node /usr/local/bin/firebase deploy
[debug] CLI Version:  3.0.6
[debug] Platform:     darwin
[debug] Node Version: v6.2.2
[debug] Time:         Fri Sep 22 2017 00:26:21 GMT+0900 (JST)
[debug] ----------------------------------------------------------------------
[debug] 
[debug] > command requires scopes: ["email","openid","https://www.googleapis.com/auth/cloudplatformprojects.readonly","https://www.googleapis.com/auth/firebase"]
[debug] > refreshing access token with scopes: ["email","https://www.googleapis.com/auth/cloudplatformprojects.readonly","https://www.googleapis.com/auth/firebase","openid"]
[debug] >>> HTTP REQUEST POST https://www.googleapis.com/oauth2/v3/token
[debug] <<< HTTP RESPONSE 200
[debug] >>> HTTP REQUEST GET https://admin.firebase.com/v1/projects/aryahi-2-2017 
[debug] <<< HTTP RESPONSE 200
[debug] >>> HTTP REQUEST GET https://admin.firebase.com/v1/database/aryahi-2-2017/tokens 
[debug] <<< HTTP RESPONSE 200
[info] 
[info] === Deploying to 'aryahi-2-2017'...
[info] 
[info] i  deploying hosting
[info] ✔  database: rules ready to deploy.
[info] i  hosting: preparing . directory for upload...
[debug] >>> HTTP REQUEST PUT https://deploy.firebase.com/v1/hosting/aryahi-2-2017/uploads/-Ku_20Hrlm2rTSJ7Gr0C?fileCount=181&message= 
[debug] ----------------------------------------------------------------------
[debug] Command:      /usr/local/bin/node /usr/local/bin/firebase deploy
[debug] CLI Version:  3.0.6
[debug] Platform:     darwin
[debug] Node Version: v6.2.2
[debug] Time:         Fri Sep 22 2017 00:40:54 GMT+0900 (JST)
[debug] ----------------------------------------------------------------------
[debug] 
[debug] > command requires scopes: ["email","openid","https://www.googleapis.com/auth/cloudplatformprojects.readonly","https://www.googleapis.com/auth/firebase"]
[debug] >>> HTTP REQUEST GET https://admin.firebase.com/v1/projects/aryahi-2-2017 
[debug] <<< HTTP RESPONSE 200
[debug] >>> HTTP REQUEST GET https://admin.firebase.com/v1/database/aryahi-2-2017/tokens 
[debug] <<< HTTP RESPONSE 200
[info] 
[info] === Deploying to 'aryahi-2-2017'...
[info] 
[info] i  deploying hosting
[info] ✔  database: rules ready to deploy.
[info] i  hosting: preparing . directory for upload...
[debug] >>> HTTP REQUEST PUT https://deploy.firebase.com/v1/hosting/aryahi-2-2017/uploads/-Ku_5LBoBzKi1zVlhq5V?fileCount=181&message= 
